<?xml version="1.0" encoding="UTF-8"?>
<testsuite xmlns:xsi="http://www.w3.org/2001/XMLSchema-instance" xsi:noNamespaceSchemaLocation="https://maven.apache.org/surefire/maven-surefire-plugin/xsd/surefire-test-report-3.0.xsd" version="3.0" name="com.se333.StringUtilsTest" time="0.045" tests="31" errors="0" skipped="0" failures="0">
  <properties>
[...]
</properties>
  <testcase name="testReverseNormalString" classname="com.se333.StringUtilsTest" time="0.0"/>
  <testcase name="testCapitalizeSpecialCharacter" classname="com.se333.StringUtilsTest" time="0.011"/>
  <testcase name="testCapitalizeWithNumbers" classname="com.se333.StringUtilsTest" time="0.0"/>
  <testcase name="testCountVowelsNull" classname="com.se333.StringUtilsTest" time="0.0"/>
  <testcase name="testCountVowelsDuplicateVowels" classname="com.se333.StringUtilsTest" time="0.004"/>
  <testcase name="testCapitalizeSingleCharacter" classname="com.se333.StringUtilsTest" time="0.0"/>
  <testcase name="testIsPalindromeNull" classname="com.se333.StringUtilsTest" time="0.003"/>
  <testcase name="testIsPalindromeTrue" classname="com.se333.StringUtilsTest" time="0.002"/>
  <testcase name="testCountVowelsWithNumbers" classname="com.se333.StringUtilsTest" time="0.001"/>
  <testcase name="testReverseEmptyString" classname="com.se333.StringUtilsTest" time="0.001"/>
  <testcase name="testReverseSingleCharacter" classname="com.se333.StringUtilsTest" time="0.001"/>
  <testcase name="testIsPalindromeEmptyString" classname="com.se333.StringUtilsTest" time="0.0"/>
  <testcase name="testCountVowelsNormal" classname="com.se333.StringUtilsTest" time="0.0"/>
  <testcase name="testIsPalindromeFalse" classname="com.se333.StringUtilsTest" time="0.0"/>
  <testcase name="testIsPalindromeIgnoresCase" classname="com.se333.StringUtilsTest" time="0.0"/>
  <testcase name="testCapitalizeAllLowercase" classname="com.se333.StringUtilsTest" time="0.004"/>
  <testcase name="testCountVowelsAllVowels" classname="com.se333.StringUtilsTest" time="0.0"/>
  <testcase name="testCapitalizeNull" classname="com.se333.StringUtilsTest" time="0.003"/>
  <testcase name="testReversePalindrome" classname="com.se333.StringUtilsTest" time="0.001"/>
  <testcase name="testIsPalindromeWithSpecialCharacters" classname="com.se333.StringUtilsTest" time="0.001"/>
  <testcase name="testIsPalindromeWithSpaces" classname="com.se333.StringUtilsTest" time="0.0"/>
  <testcase name="testReverseNull" classname="com.se333.StringUtilsTest" time="0.001"/>
  <testcase name="testCountVowelsUppercase" classname="com.se333.StringUtilsTest" time="0.0"/>
  <testcase name="testCapitalizeEmptyString" classname="com.se333.StringUtilsTest" time="0.0"/>
  <testcase name="testCapitalizeAllUppercase" classname="com.se333.StringUtilsTest" time="0.001"/>
  <testcase name="testReverseWithSpaces" classname="com.se333.StringUtilsTest" time="0.001"/>
  <testcase name="testCountVowelsEmptyString" classname="com.se333.StringUtilsTest" time="0.001"/>
  <testcase name="testCountVowelsNoVowels" classname="com.se333.StringUtilsTest" time="0.001"/>
  <testcase name="testCapitalizeNormal" classname="com.se333.StringUtilsTest" time="0.0"/>
  <testcase name="testCapitalizeAlreadyCapitalized" classname="com.se333.StringUtilsTest" time="0.0"/>
  <testcase name="testReverseSpecialCharacters" classname="com.se333.StringUtilsTest" time="0.0"/>
</testsuite>